<?xml version="1.0" encoding="UTF-8"?>
<!-- Generated by org.testng.reporters.JUnitXMLReporter -->
<testsuite ignored="0" hostname="DESKTOP-G7A9KI4" failures="1" tests="1" name="EdgeTest" time="37.789" errors="0" timestamp="2025-01-14T16:58:11 IST">
  <testcase classname="testCases.TC_004search" name="verifysearch" time="11.703">
    <failure type="java.lang.AssertionError" message="null">
      <![CDATA[java.lang.AssertionError: null
at testCases.TC_004search.verifysearch(TC_004search.java:79)
at java.base/java.util.ArrayList.forEach(ArrayList.java:1597)
... Removed 27 stack frames]]>
    </failure>
  </testcase> <!-- verifysearch -->
</testsuite> <!-- EdgeTest -->
