<?xml version="1.0" encoding="UTF-8"?>
<!-- Generated by org.testng.reporters.JUnitXMLReporter -->
<testsuite ignored="0" hostname="DESKTOP-G7A9KI4" failures="1" tests="10" name="Testng" time="109.589" errors="0" timestamp="2025-02-04T22:52:44 IST">
  <testcase classname="testCases.TC_001Account_Registration" name="verify_account_registration" time="2.336"/>
  <testcase classname="testCases.TC_002login" name="verifyLogin" time="1.498"/>
  <testcase classname="testCases.TC_003LoginDDT" name="verifyLoginDDT" time="11.082"/>
  <testcase classname="testCases.TC_003LoginDDT" name="verifyLoginDDT" time="10.955"/>
  <testcase classname="testCases.TC_003LoginDDT" name="verifyLoginDDT" time="1.414"/>
  <testcase classname="testCases.TC_003LoginDDT" name="verifyLoginDDT" time="10.931"/>
  <testcase classname="testCases.TC_003LoginDDT" name="verifyLoginDDT" time="10.964"/>
  <testcase classname="testCases.TC_003LoginDDT" name="verifyLoginDDT" time="11.054"/>
  <testcase classname="testCases.TC_003LoginDDT" name="verifyLoginDDT" time="11.095"/>
  <testcase classname="testCases.TC_004search" name="verifysearch" time="10.478">
    <failure type="java.lang.AssertionError" message="null">
      <![CDATA[java.lang.AssertionError: null
at testCases.TC_004search.verifysearch(TC_004search.java:79)
at java.base/java.util.ArrayList.forEach(ArrayList.java:1597)
... Removed 27 stack frames]]>
    </failure>
  </testcase> <!-- verifysearch -->
</testsuite> <!-- Testng -->
