<?xml version="1.0" encoding="UTF-8"?>
<!-- Generated by org.testng.reporters.JUnitXMLReporter -->
<testsuite ignored="0" hostname="DESKTOP-G7A9KI4" failures="1" tests="1" name="Test" time="17.54" errors="0" timestamp="2025-01-04T23:11:30 IST">
  <testcase classname="testCases.TC_004search" name="verifysearch" time="10.459">
    <failure type="java.lang.AssertionError" message="null">
      <![CDATA[java.lang.AssertionError: null
at testCases.TC_004search.verifysearch(TC_004search.java:37)
at java.base/java.util.ArrayList.forEach(ArrayList.java:1597)
... Removed 27 stack frames]]>
    </failure>
  </testcase> <!-- verifysearch -->
</testsuite> <!-- Test -->
