<?xml version="1.0" encoding="UTF-8"?>
<testng-results ignored="0" total="1" passed="1" failed="0" skipped="0">
  <reporter-output>
  </reporter-output>
  <suite started-at="2024-12-07T11:21:18 IST" name="Suite" finished-at="2024-12-07T11:21:30 IST" duration-ms="11794">
    <groups>
    </groups>
    <test started-at="2024-12-07T11:21:18 IST" name="Testng" finished-at="2024-12-07T11:21:30 IST" duration-ms="11794">
      <class name="testCases.TC_001Account_Registration">
        <test-method is-config="true" signature="setup(java.lang.String,java.lang.String)[pri:0, instance:testCases.TC_001Account_Registration@e70f13a]" started-at="2024-12-07T11:21:18 IST" name="setup" finished-at="2024-12-07T11:21:20 IST" duration-ms="2159" status="PASS">
          <params>
            <param index="0">
              <value>
                <![CDATA[Linux]]>
              </value>
            </param>
            <param index="1">
              <value>
                <![CDATA[chrome]]>
              </value>
            </param>
          </params>
          <reporter-output>
          </reporter-output>
        </test-method> <!-- setup -->
        <test-method signature="verify_account_registration()[pri:0, instance:testCases.TC_001Account_Registration@e70f13a]" started-at="2024-12-07T11:21:20 IST" name="verify_account_registration" finished-at="2024-12-07T11:21:26 IST" duration-ms="6157" status="PASS">
          <reporter-output>
          </reporter-output>
        </test-method> <!-- verify_account_registration -->
        <test-method is-config="true" signature="teardown()[pri:0, instance:testCases.TC_001Account_Registration@e70f13a]" started-at="2024-12-07T11:21:26 IST" name="teardown" finished-at="2024-12-07T11:21:30 IST" duration-ms="3257" status="PASS">
          <reporter-output>
          </reporter-output>
        </test-method> <!-- teardown -->
      </class> <!-- testCases.TC_001Account_Registration -->
    </test> <!-- Testng -->
  </suite> <!-- Suite -->
</testng-results>
