<?xml version="1.0" encoding="UTF-8"?>
<testng-results ignored="0" total="1" passed="1" failed="0" skipped="0">
  <reporter-output>
  </reporter-output>
  <suite started-at="2025-02-11T11:13:27 IST" name="Suite" finished-at="2025-02-11T11:13:36 IST" duration-ms="9154">
    <groups>
    </groups>
    <test started-at="2025-02-11T11:13:27 IST" name="Test" finished-at="2025-02-11T11:13:36 IST" duration-ms="9154">
      <class name="testCases.TS_006CompareProduct">
        <test-method is-config="true" signature="setup(java.lang.String,java.lang.String)[pri:0, instance:testCases.TS_006CompareProduct@59474f18]" started-at="2025-02-11T11:13:27 IST" name="setup" finished-at="2025-02-11T11:13:30 IST" duration-ms="2866" status="PASS">
          <params>
            <param index="0">
              <value>
                <![CDATA[windows]]>
              </value>
            </param>
            <param index="1">
              <value>
                <![CDATA[chrome]]>
              </value>
            </param>
          </params>
          <reporter-output>
          </reporter-output>
        </test-method> <!-- setup -->
        <test-method signature="verifyproductcompare()[pri:0, instance:testCases.TS_006CompareProduct@59474f18]" started-at="2025-02-11T11:13:30 IST" name="verifyproductcompare" finished-at="2025-02-11T11:13:33 IST" duration-ms="2836" status="PASS">
          <reporter-output>
          </reporter-output>
        </test-method> <!-- verifyproductcompare -->
        <test-method is-config="true" signature="teardown()[pri:0, instance:testCases.TS_006CompareProduct@59474f18]" started-at="2025-02-11T11:13:33 IST" name="teardown" finished-at="2025-02-11T11:13:36 IST" duration-ms="3123" status="PASS">
          <reporter-output>
          </reporter-output>
        </test-method> <!-- teardown -->
      </class> <!-- testCases.TS_006CompareProduct -->
    </test> <!-- Test -->
  </suite> <!-- Suite -->
</testng-results>
